2022-10-31 15:40 - [32minfo[39m: [32mAplicação está funcionando na porta: 3000[39m
2022-10-31 15:40:50 - [32minfo[39m: [32mAplicação está funcionando na porta: 3000[39m
2022-10-31 15:41:02:412 - [32minfo[39m: [32mAplicação está funcionando na porta: 3000[39m
2022-10-31 15:41:08 - [32minfo[39m: [32mAplicação está funcionando na porta: 3000[39m
2022-10-31 15:41:57 - [32minfo[39m: [32mConectou ao banco de dados[39m
2022-10-31 15:41:57 - [32minfo[39m: [32mAplicação está funcionando na porta: 3000[39m
2022-10-31 15:42:32 - [32minfo[39m: [32mConectou ao banco de dados[39m
2022-10-31 15:42:32 - [32minfo[39m: [32mAplicação está funcionando na porta: 3000[39m
2022-10-31 15:42:52 - [31merror[39m: [31mNão foi possível conectar![39m
2022-10-31 15:42:52 - [31merror[39m: [31mErro: MongoServerError: bad auth : Authentication failed.[39m
2022-10-31 15:42:52 - [32minfo[39m: [32mAplicação está funcionando na porta: 3000[39m
2022-10-31 15:43:06 - [32minfo[39m: [32mConectou ao banco de dados[39m
2022-10-31 15:43:06 - [32minfo[39m: [32mAplicação está funcionando na porta: 3000[39m
2022-10-31 15:44:38 - [32minfo[39m: [32mConectou ao banco de dados[39m
2022-10-31 15:44:38 - [32minfo[39m: [32mAplicação está funcionando na porta: 3000[39m
2022-10-31 15:46:34 - [32minfo[39m: [32mConectou ao banco de dados[39m
2022-10-31 15:46:34 - [32minfo[39m: [32mAplicação está funcionando na porta: 3000[39m
2022-10-31 15:46:40 - [32minfo[39m: [32mConectou ao banco de dados[39m
2022-10-31 15:46:40 - [32minfo[39m: [32mAplicação está funcionando na porta: 3000[39m
2022-10-31 15:47:01 - [31merror[39m: [31mNão foi possível conectar![39m
2022-10-31 15:47:04 - [31merror[39m: [31mNão foi possível conectar![39m
2022-10-31 15:47:07 - [31merror[39m: [31mNão foi possível conectar![39m
2022-10-31 15:47:12 - [32minfo[39m: [32mConectou ao banco de dados[39m
2022-10-31 15:47:12 - [32minfo[39m: [32mAplicação está funcionando na porta: 3000[39m
2022-10-31 15:48:56 - [32minfo[39m: [32mConectou ao banco de dados[39m
2022-10-31 15:48:56 - [32minfo[39m: [32mAplicação está funcionando na porta: 3000[39m
2022-10-31 15:49:04 - [31merror[39m: [31mNão foi possível conectar![39m
2022-10-31 15:49:08 - [31merror[39m: [31mNão foi possível conectar![39m
2022-10-31 15:49:13 - [32minfo[39m: [32mConectou ao banco de dados[39m
2022-10-31 15:49:13 - [32minfo[39m: [32mAplicação está funcionando na porta: 3000[39m
2022-10-31 15:50:03 - [32minfo[39m: [32mConectou ao banco de dados[39m
2022-10-31 15:50:03 - [32minfo[39m: [32mAplicação está funcionando na porta: 3000[39m
2022-10-31 15:50:09 - [31merror[39m: [31mNão foi possível conectar![39m
2022-10-31 15:50:20 - [31merror[39m: [31mNão foi possível conectar![39m
2022-10-31 15:50:25 - [32minfo[39m: [32mConectou ao banco de dados[39m
2022-10-31 15:50:25 - [32minfo[39m: [32mAplicação está funcionando na porta: 3000[39m
2022-10-31 19:50:41 - [32minfo[39m: [32mConectou ao banco de dados[39m
2022-10-31 19:50:41 - [32minfo[39m: [32mAplicação está funcionando na porta: 3000[39m
2022-10-31 19:51:21 - [32minfo[39m: [32mConectou ao banco de dados[39m
2022-10-31 19:51:21 - [32minfo[39m: [32mAplicação está funcionando na porta: 3000[39m
2022-10-31 19:51:24 - [35mhttp[39m: [35mGET /api/test 200 11 - 3.722 ms[39m
[35m[39m
2022-10-31 19:52:05 - [35mhttp[39m: [35mPUT /api/test 404 147 - 2.405 ms[39m
[35m[39m
2022-10-31 19:52:13 - [35mhttp[39m: [35mPOST /api/test 404 148 - 0.652 ms[39m
[35m[39m
2022-10-31 19:52:17 - [35mhttp[39m: [35mPATCH /api/test 404 149 - 0.330 ms[39m
[35m[39m
2022-10-31 19:52:20 - [35mhttp[39m: [35mGET /api/test 200 11 - 0.355 ms[39m
[35m[39m
2022-11-01 10:18:51 - [32minfo[39m: [32mConectou ao banco de dados[39m
2022-11-01 10:18:51 - [32minfo[39m: [32mAplicação está funcionando na porta: 3000[39m
2022-11-01 10:18:56 - [35mhttp[39m: [35mPOST /api/movie 200 22 - 2.528 ms[39m
[35m[39m
2022-11-01 10:19:29 - [35mhttp[39m: [35mPOST /api/movie 200 22 - 0.538 ms[39m
[35m[39m
2022-11-01 10:24:57 - [32minfo[39m: [32mConectou ao banco de dados[39m
2022-11-01 10:24:57 - [32minfo[39m: [32mAplicação está funcionando na porta: 3000[39m
2022-11-01 10:28:48 - [31merror[39m: [31mPane no sistema: user is not allowed to do action [insert] on [test.movies][39m
2022-11-01 10:29:07 - [35mhttp[39m: [35mPOST /api/movie - - - - ms[39m
[35m[39m
2022-11-01 10:29:21 - [31merror[39m: [31mPane no sistema: user is not allowed to do action [insert] on [test.movies][39m
2022-11-01 10:29:22 - [35mhttp[39m: [35mPOST /api/movie - - - - ms[39m
[35m[39m
2022-11-01 10:30:06 - [31merror[39m: [31mPane no sistema: user is not allowed to do action [insert] on [test.movies][39m
2022-11-01 10:30:19 - [35mhttp[39m: [35mPOST /api/movie - - - - ms[39m
[35m[39m
2022-11-01 10:30:39 - [32minfo[39m: [32mConectou ao banco de dados[39m
2022-11-01 10:30:39 - [32minfo[39m: [32mAplicação está funcionando na porta: 3000[39m
2022-11-01 10:30:45 - [31merror[39m: [31mPane no sistema: user is not allowed to do action [insert] on [test.movies][39m
2022-11-01 10:30:49 - [35mhttp[39m: [35mPOST /api/movie - - - - ms[39m
[35m[39m
2022-11-01 10:41:49 - [32minfo[39m: [32mConectou ao banco de dados[39m
2022-11-01 10:41:49 - [32minfo[39m: [32mAplicação está funcionando na porta: 3000[39m
2022-11-01 10:42:05 - [35mhttp[39m: [35mPOST /api/movie 201 158 - 42.754 ms[39m
[35m[39m
2022-11-01 10:58:21 - [32minfo[39m: [32mConectou ao banco de dados[39m
2022-11-01 10:58:21 - [32minfo[39m: [32mAplicação está funcionando na porta: 3000[39m
2022-11-01 10:58:53 - [35mhttp[39m: [35mPOST /api/movie 201 156 - 64.015 ms[39m
[35m[39m
